<?xml version="1.0" encoding="UTF-8"?>
<testsuite name="UtilsTest" tests="1" skipped="0" failures="0" errors="0" timestamp="2024-08-23T14:38:45" hostname="EPBYGOMW0250" time="0.027">
  <properties/>
  <testcase name="testIsAllPositiveNumbers()" classname="UtilsTest" time="0.027"/>
  <system-out><![CDATA[]]></system-out>
  <system-err><![CDATA[]]></system-err>
</testsuite>
